<?xml version="1.0" encoding="UTF-8"?>
<testsuite name="testRunner.TestRunner" tests="2" skipped="0" failures="0" errors="0" timestamp="2025-05-07T17:53:10" hostname="LAKESH-LAPTOP" time="27.571">
  <properties/>
  <testcase name="runScenario[0](&quot;Successful login with registered mobile number, email and password&quot;, &quot;Unknown&quot;)" classname="testRunner.TestRunner" time="15.067"/>
  <testcase name="runScenario[1](&quot;Successful login with registered mobile number, email and password&quot;, &quot;Unknown&quot;)" classname="testRunner.TestRunner" time="12.5"/>
  <system-out><![CDATA[
@login @successful_login
Scenario Outline: Successful login with registered mobile number, email and password                              # src/test/resources/features/login.feature:39
  Given User is on new login page                                                                                 # stepDefns.Login_Steps.user_is_on_new_login_page()
  Given User enter "5846975120" in mobile number input box                                                        # stepDefns.Login_Steps.user_enter_in_mobile_number_input_box(java.lang.String)
  When User clicks Continue button                                                                                # stepDefns.Login_Steps.user_clicks_continue_button()
  Then User should be redirected to Login Auth Page                                                               # stepDefns.LoginAuth_Steps.user_should_be_redirected_to_login_auth_page()
  And User enter "5846975120" in the mobile or email input box and "finTestUserAcology" in the password input box # stepDefns.LoginAuth_Steps.user_enter_in_the_mobile_or_email_input_box_and_in_the_password_input_box(java.lang.String,java.lang.String)
  And User clicks login button                                                                                    # stepDefns.LoginAuth_Steps.user_clicks_login_button()
  And User should be redirected to account dashboard page                                                         # stepDefns.AccountDashboard_Steps.user_should_be_redirected_to_account_dashboard_page()
  And User should perform logout from account dashboard page                                                      # stepDefns.AccountDashboard_Steps.user_should_perform_logout_from_account_dashboard_page()

@login @successful_login
Scenario Outline: Successful login with registered mobile number, email and password                                           # src/test/resources/features/login.feature:40
  Given User is on new login page                                                                                              # stepDefns.Login_Steps.user_is_on_new_login_page()
  Given User enter "5846975120" in mobile number input box                                                                     # stepDefns.Login_Steps.user_enter_in_mobile_number_input_box(java.lang.String)
  When User clicks Continue button                                                                                             # stepDefns.Login_Steps.user_clicks_continue_button()
  Then User should be redirected to Login Auth Page                                                                            # stepDefns.LoginAuth_Steps.user_should_be_redirected_to_login_auth_page()
  And User enter "testuserac121@gmail.com" in the mobile or email input box and "finTestUserAcology" in the password input box # stepDefns.LoginAuth_Steps.user_enter_in_the_mobile_or_email_input_box_and_in_the_password_input_box(java.lang.String,java.lang.String)
  And User clicks login button                                                                                                 # stepDefns.LoginAuth_Steps.user_clicks_login_button()
  And User should be redirected to account dashboard page                                                                      # stepDefns.AccountDashboard_Steps.user_should_be_redirected_to_account_dashboard_page()
  And User should perform logout from account dashboard page                                                                   # stepDefns.AccountDashboard_Steps.user_should_perform_logout_from_account_dashboard_page()
]]></system-out>
  <system-err><![CDATA[]]></system-err>
</testsuite>
