<?xml version="1.0" encoding="UTF-8"?>
<testsuite name="testRunner.TestRunner" tests="7" skipped="0" failures="0" errors="0" timestamp="2025-05-25T16:14:52" hostname="LAKESH-LAPTOP" time="157.913">
  <properties/>
  <testcase name="runScenario[0](&quot;Unsuccessful login with invalid or empty mobile number&quot;, &quot;Unknown&quot;)" classname="testRunner.TestRunner" time="54.982"/>
  <testcase name="runScenario[0](&quot;Unsuccessful login with invalid or empty mobile number&quot;, &quot;Unknown&quot;)" classname="testRunner.TestRunner" time="55.058"/>
  <testcase name="runScenario[0](&quot;Unsuccessful login with new mobile number&quot;, &quot;Unknown&quot;)" classname="testRunner.TestRunner" time="59.545"/>
  <testcase name="runScenario[0](&quot;Successful login with registered mobile number, email and password&quot;, &quot;Unknown&quot;)" classname="testRunner.TestRunner" time="72.635"/>
  <testcase name="runScenario[0](&quot;Successful login with registered mobile number, email and password&quot;, &quot;Unknown&quot;)" classname="testRunner.TestRunner" time="83.417"/>
  <testcase name="runScenario[0](&quot;Successful login with registered mobile number, email and password by clicking Login with Email button&quot;, &quot;Unknown&quot;)" classname="testRunner.TestRunner" time="129.853"/>
  <testcase name="runScenario[0](&quot;Successful login with registered mobile number, email and password by clicking Login with Email button&quot;, &quot;Unknown&quot;)" classname="testRunner.TestRunner" time="157.913"/>
  <system-out><![CDATA[
[INFO ] 2025-05-25 21:44:52.125 finology.stepDefns.Hooks 27 - ##### Test Cases Started ##### [TestNG-test-Test case execution on Chrome browser-1]
########### inside Hooks beforeAll browser name : Chrome
############ inside testRunner

@login @unsuccessful_login
Scenario Outline: Unsuccessful login with invalid or empty mobile number # src/test/resources/features/login.feature:17

@login @unsuccessful_login
Scenario Outline: Unsuccessful login with invalid or empty mobile number # src/test/resources/features/login.feature:18

@login @successful_login
Scenario Outline: Successful login with registered mobile number, email and password                                           # src/test/resources/features/login.feature:40

@login @successful_login2
Scenario Outline: Successful login with registered mobile number, email and password by clicking Login with Email button       # src/test/resources/features/login.feature:56

@login @successful_login
Scenario Outline: Successful login with registered mobile number, email and password                              # src/test/resources/features/login.feature:39

@login @unsuccessful_login_with_new_mobile
Scenario: Unsuccessful login with new mobile number                          # src/test/resources/features/login.feature:21

@login @successful_login2
Scenario Outline: Successful login with registered mobile number, email and password by clicking Login with Email button # src/test/resources/features/login.feature:55
####### inside Hooks before
####### inside Hooks before
browser : Chrome
browser : Chrome
####### inside Hooks before
browser : Chrome
####### inside Hooks before
browser : Chrome
####### inside Hooks before
browser : Chrome
####### inside Hooks before
browser : Chrome
####### inside Hooks before
browser : Chrome
isDriverNull : false
isDriverNull : false
isDriverNull : false
########### inside beforeStep
########### inside beforeStep
########### inside beforeStep
isDriverNull : false
########### inside beforeStep
isDriverNull : false
########### inside beforeStep
isDriverNull : false
########### inside beforeStep
isDriverNull : false
########### inside beforeStep
  Given User is on new login page                                                                                 # in.finology.stepDefns.Login_Steps.user_is_on_new_login_page()
########### inside afterStep
########### inside beforeStep
  Given User is on new login page                                                                                              # in.finology.stepDefns.Login_Steps.user_is_on_new_login_page()
########### inside afterStep
########### inside beforeStep
  Given User is on new login page                                                                                        # in.finology.stepDefns.Login_Steps.user_is_on_new_login_page()
########### inside afterStep
########### inside beforeStep
  Given User is on new login page                                                                                              # in.finology.stepDefns.Login_Steps.user_is_on_new_login_page()
########### inside afterStep
########### inside beforeStep
  Given User should be on login page                                                                                     # in.finology.stepDefns.Login_Steps.user_should_be_on_login_page()
########### inside afterStep
########### inside beforeStep
  Given User is on new login page                                        # in.finology.stepDefns.Login_Steps.user_is_on_new_login_page()
########### inside afterStep
########### inside beforeStep
  Given User should be on login page                                                                                           # in.finology.stepDefns.Login_Steps.user_should_be_on_login_page()
########### inside afterStep
########### inside beforeStep
  Given User is on new login page                                            # in.finology.stepDefns.Login_Steps.user_is_on_new_login_page()
########### inside afterStep
########### inside beforeStep
  Given User is on new login page                                        # in.finology.stepDefns.Login_Steps.user_is_on_new_login_page()
########### inside afterStep
########### inside beforeStep
  Given User enter "5846975120" in mobile number input box                                                        # in.finology.stepDefns.Login_Steps.user_enter_in_mobile_number_input_box(java.lang.String)
########### inside afterStep
########### inside beforeStep
  Given User enter "5846975120" in mobile number input box                                                                     # in.finology.stepDefns.Login_Steps.user_enter_in_mobile_number_input_box(java.lang.String)
########### inside afterStep
########### inside beforeStep
  Given User enter "@$#637*" in mobile number input box                  # in.finology.stepDefns.Login_Steps.user_enter_in_mobile_number_input_box(java.lang.String)
########### inside afterStep
########### inside beforeStep
  Given User enter "" in mobile number input box                         # in.finology.stepDefns.Login_Steps.user_enter_in_mobile_number_input_box(java.lang.String)
########### inside afterStep
########### inside beforeStep
  When User clicks Login with Email button                                                                                     # in.finology.stepDefns.Login_Steps.user_clicks_login_with_email_button()
########### inside afterStep
########### inside beforeStep
  Then User should be redirected to Login Auth Page                                                                            # in.finology.stepDefns.LoginAuth_Steps.user_should_be_redirected_to_login_auth_page()
########### inside afterStep
########### inside beforeStep
  When User clicks Continue button                                       # in.finology.stepDefns.Login_Steps.user_clicks_continue_button()
########### inside afterStep
########### inside beforeStep
  Given Generate new mobile number and User enter in mobile number input box # in.finology.stepDefns.Login_Steps.generate_new_mobile_number_and_user_enter_in_mobile_number_input_box()
########### inside afterStep
  When User clicks Continue button                                       # in.finology.stepDefns.Login_Steps.user_clicks_continue_button()
########### inside beforeStep
########### inside afterStep
########### inside beforeStep
  Then Invalid mobile or required error "Invalid Mobile" should be shown # in.finology.stepDefns.Login_Steps.invalid_mobile_or_required_error_should_be_shown(java.lang.String)
########### inside afterStep
########### inside beforeStep
  Then Invalid mobile or required error "*Required" should be shown      # in.finology.stepDefns.Login_Steps.invalid_mobile_or_required_error_should_be_shown(java.lang.String)
########### inside afterStep
########### inside beforeStep
  And User should be on login page                                       # in.finology.stepDefns.Login_Steps.user_should_be_on_login_page()
########### inside afterStep
########### inside Hooks after
  And User should be on login page                                       # in.finology.stepDefns.Login_Steps.user_should_be_on_login_page()
########### inside afterStep
########### inside Hooks after
  When User clicks Login with Email button                                                                               # in.finology.stepDefns.Login_Steps.user_clicks_login_with_email_button()
########### inside afterStep
########### inside beforeStep
  Then User should be redirected to Login Auth Page                                                                      # in.finology.stepDefns.LoginAuth_Steps.user_should_be_redirected_to_login_auth_page()
########### inside afterStep
########### inside beforeStep
########### inside TestListener onTestSuccess
inside catch of Hooks before
########### inside TestListener onTestSuccess
inside catch of Hooks before
  When User clicks Continue button                                                                                # in.finology.stepDefns.Login_Steps.user_clicks_continue_button()
########### inside afterStep
########### inside beforeStep
  Then User should be redirected to Login Auth Page                                                               # in.finology.stepDefns.LoginAuth_Steps.user_should_be_redirected_to_login_auth_page()
########### inside afterStep
########### inside beforeStep
  And User enter "testuserac121@gmail.com" in the mobile or email input box and "finTestUserAcology" in the password input box # in.finology.stepDefns.LoginAuth_Steps.user_enter_in_the_mobile_or_email_input_box_and_in_the_password_input_box(java.lang.String,java.lang.String)
########### inside afterStep
########### inside beforeStep
  And User clicks login button                                                                                                 # in.finology.stepDefns.LoginAuth_Steps.user_clicks_login_button()
########### inside afterStep
########### inside beforeStep
  And User enter "5846975120" in the mobile or email input box and "finTestUserAcology" in the password input box        # in.finology.stepDefns.LoginAuth_Steps.user_enter_in_the_mobile_or_email_input_box_and_in_the_password_input_box(java.lang.String,java.lang.String)
########### inside afterStep
########### inside beforeStep
  And User enter "5846975120" in the mobile or email input box and "finTestUserAcology" in the password input box # in.finology.stepDefns.LoginAuth_Steps.user_enter_in_the_mobile_or_email_input_box_and_in_the_password_input_box(java.lang.String,java.lang.String)
########### inside afterStep
########### inside beforeStep
  When User clicks Continue button                                                                                             # in.finology.stepDefns.Login_Steps.user_clicks_continue_button()
########### inside afterStep
########### inside beforeStep
  Then User should be redirected to Login Auth Page                                                                            # in.finology.stepDefns.LoginAuth_Steps.user_should_be_redirected_to_login_auth_page()
########### inside afterStep
########### inside beforeStep
  And User clicks login button                                                                                           # in.finology.stepDefns.LoginAuth_Steps.user_clicks_login_button()
########### inside afterStep
########### inside beforeStep
  And User clicks login button                                                                                    # in.finology.stepDefns.LoginAuth_Steps.user_clicks_login_button()
########### inside afterStep
########### inside beforeStep
  When User clicks Continue button                                           # in.finology.stepDefns.Login_Steps.user_clicks_continue_button()
########### inside afterStep
########### inside beforeStep
  Then User should be redirected to sign up page                             # in.finology.stepDefns.SignUp_Steps.user_should_be_redirected_to_sign_up_page()
########### inside afterStep
########### inside Hooks after
########### inside TestListener onTestSuccess
inside catch of Hooks before
  And User enter "testuserac121@gmail.com" in the mobile or email input box and "finTestUserAcology" in the password input box # in.finology.stepDefns.LoginAuth_Steps.user_enter_in_the_mobile_or_email_input_box_and_in_the_password_input_box(java.lang.String,java.lang.String)
########### inside afterStep
########### inside beforeStep
  And User should be redirected to account dashboard page                                                         # in.finology.stepDefns.AccountDashboard_Steps.user_should_be_redirected_to_account_dashboard_page()
########### inside afterStep
########### inside beforeStep
  And User clicks login button                                                                                                 # in.finology.stepDefns.LoginAuth_Steps.user_clicks_login_button()
########### inside afterStep
########### inside beforeStep
  And User should be redirected to account dashboard page                                                                      # in.finology.stepDefns.AccountDashboard_Steps.user_should_be_redirected_to_account_dashboard_page()
########### inside afterStep
########### inside beforeStep
  And User should be redirected to account dashboard page                                                                # in.finology.stepDefns.AccountDashboard_Steps.user_should_be_redirected_to_account_dashboard_page()
########### inside afterStep
########### inside beforeStep
  And User should be redirected to account dashboard page                                                                      # in.finology.stepDefns.AccountDashboard_Steps.user_should_be_redirected_to_account_dashboard_page()
########### inside afterStep
########### inside beforeStep
  And User should perform logout from account dashboard page                                                      # in.finology.stepDefns.AccountDashboard_Steps.user_should_perform_logout_from_account_dashboard_page()
########### inside afterStep
########### inside Hooks after
########### inside TestListener onTestSuccess
inside catch of Hooks before
  And User should perform logout from account dashboard page                                                                   # in.finology.stepDefns.AccountDashboard_Steps.user_should_perform_logout_from_account_dashboard_page()
########### inside afterStep
########### inside Hooks after
########### inside TestListener onTestSuccess
inside catch of Hooks before
  And User should perform logout from account dashboard page                                                             # in.finology.stepDefns.AccountDashboard_Steps.user_should_perform_logout_from_account_dashboard_page()
########### inside afterStep
########### inside Hooks after
########### inside TestListener onTestSuccess
inside catch of Hooks before
  And User should perform logout from account dashboard page                                                                   # in.finology.stepDefns.AccountDashboard_Steps.user_should_perform_logout_from_account_dashboard_page()
########### inside afterStep
########### inside Hooks after
########### inside TestListener onTestSuccess
inside catch of Hooks before
]]></system-out>
  <system-err><![CDATA[May 25, 2025 9:45:07 PM org.openqa.selenium.devtools.CdpVersionFinder findNearestMatch
WARNING: Unable to find an exact match for CDP version 136, returning the closest version; found: 135; Please update to a Selenium version that supports CDP version 136
May 25, 2025 9:45:07 PM org.openqa.selenium.devtools.CdpVersionFinder findNearestMatch
WARNING: Unable to find an exact match for CDP version 136, returning the closest version; found: 135; Please update to a Selenium version that supports CDP version 136
May 25, 2025 9:45:07 PM org.openqa.selenium.devtools.CdpVersionFinder findNearestMatch
WARNING: Unable to find an exact match for CDP version 136, returning the closest version; found: 135; Please update to a Selenium version that supports CDP version 136
May 25, 2025 9:45:07 PM org.openqa.selenium.devtools.CdpVersionFinder findNearestMatch
WARNING: Unable to find an exact match for CDP version 136, returning the closest version; found: 135; Please update to a Selenium version that supports CDP version 136
May 25, 2025 9:45:07 PM org.openqa.selenium.devtools.CdpVersionFinder findNearestMatch
WARNING: Unable to find an exact match for CDP version 136, returning the closest version; found: 135; Please update to a Selenium version that supports CDP version 136
May 25, 2025 9:45:07 PM org.openqa.selenium.devtools.CdpVersionFinder findNearestMatch
WARNING: Unable to find an exact match for CDP version 136, returning the closest version; found: 135; Please update to a Selenium version that supports CDP version 136
May 25, 2025 9:45:09 PM org.openqa.selenium.devtools.CdpVersionFinder findNearestMatch
WARNING: Unable to find an exact match for CDP version 136, returning the closest version; found: 135; Please update to a Selenium version that supports CDP version 136
]]></system-err>
</testsuite>
